\BOOKMARK [0][-]{part.1}{\376\377\000I\000\040\000F\000o\000u\000n\000d\000a\000t\000i\000o\000n\000s}{}% 1
\BOOKMARK [1][-]{section.1}{\376\377\000M\000a\000t\000h\000\040\000\046\000\040\000P\000r\000o\000b\000a\000b\000i\000l\000i\000t\000y\000\040\000R\000e\000f\000r\000e\000s\000h\000e\000r}{part.1}% 2
\BOOKMARK [2][-]{subsection.1.1}{\376\377\000L\000i\000n\000e\000a\000r\000\040\000a\000l\000g\000e\000b\000r\000a\000\040\000e\000s\000s\000e\000n\000t\000i\000a\000l\000s}{section.1}% 3
\BOOKMARK [2][-]{subsection.1.2}{\376\377\000P\000r\000o\000b\000a\000b\000i\000l\000i\000t\000y\000\040\000\046\000\040\000i\000n\000f\000o\000r\000m\000a\000t\000i\000o\000n\000\040\000t\000h\000e\000o\000r\000y}{section.1}% 4
\BOOKMARK [2][-]{subsection.1.3}{\376\377\000C\000a\000l\000c\000u\000l\000u\000s\000\040\000\046\000\040\000g\000r\000a\000d\000i\000e\000n\000t\000s}{section.1}% 5
\BOOKMARK [2][-]{subsection.1.4}{\376\377\000S\000t\000a\000t\000i\000s\000t\000i\000c\000s\000\040\000f\000o\000r\000\040\000M\000L}{section.1}% 6
\BOOKMARK [1][-]{section.2}{\376\377\000C\000l\000a\000s\000s\000i\000c\000a\000l\000\040\000M\000L\000\040\000\046\000\040\000O\000p\000t\000i\000m\000i\000z\000a\000t\000i\000o\000n}{part.1}% 7
\BOOKMARK [2][-]{subsection.2.1}{\376\377\000S\000u\000p\000e\000r\000v\000i\000s\000e\000d\000\040\000l\000e\000a\000r\000n\000i\000n\000g\000\040\000f\000u\000n\000d\000a\000m\000e\000n\000t\000a\000l\000s}{section.2}% 8
\BOOKMARK [2][-]{subsection.2.2}{\376\377\000G\000r\000a\000d\000i\000e\000n\000t\000\040\000d\000e\000s\000c\000e\000n\000t\000\040\000v\000a\000r\000i\000a\000n\000t\000s}{section.2}% 9
\BOOKMARK [2][-]{subsection.2.3}{\376\377\000C\000o\000n\000v\000e\000x\000\040\000v\000s\000\040\000n\000o\000n\000-\000c\000o\000n\000v\000e\000x\000\040\000o\000p\000t\000i\000m\000i\000z\000a\000t\000i\000o\000n}{section.2}% 10
\BOOKMARK [2][-]{subsection.2.4}{\376\377\000S\000V\000M\000s\000,\000\040\000t\000r\000e\000e\000s\000,\000\040\000e\000n\000s\000e\000m\000b\000l\000e\000s}{section.2}% 11
\BOOKMARK [1][-]{section.3}{\376\377\000N\000e\000u\000r\000a\000l\000\040\000N\000e\000t\000w\000o\000r\000k\000s\000\040\000f\000r\000o\000m\000\040\000S\000c\000r\000a\000t\000c\000h}{part.1}% 12
\BOOKMARK [2][-]{subsection.3.1}{\376\377\000P\000e\000r\000c\000e\000p\000t\000r\000o\000n\000s\000\040\000\046\000\040\000M\000L\000P\000s}{section.3}% 13
\BOOKMARK [2][-]{subsection.3.2}{\376\377\000A\000c\000t\000i\000v\000a\000t\000i\000o\000n\000\040\000f\000u\000n\000c\000t\000i\000o\000n\000s}{section.3}% 14
\BOOKMARK [2][-]{subsection.3.3}{\376\377\000I\000n\000i\000t\000i\000a\000l\000i\000z\000a\000t\000i\000o\000n\000\040\000s\000t\000r\000a\000t\000e\000g\000i\000e\000s}{section.3}% 15
\BOOKMARK [2][-]{subsection.3.4}{\376\377\000U\000n\000i\000v\000e\000r\000s\000a\000l\000\040\000a\000p\000p\000r\000o\000x\000i\000m\000a\000t\000i\000o\000n\000\040\000t\000h\000e\000o\000r\000e\000m}{section.3}% 16
\BOOKMARK [2][-]{subsection.3.5}{\376\377\000C\000o\000n\000v\000o\000l\000u\000t\000i\000o\000n\000a\000l\000\040\000N\000e\000u\000r\000a\000l\000\040\000N\000e\000t\000w\000o\000r\000k\000s}{section.3}% 17
\BOOKMARK [2][-]{subsection.3.6}{\376\377\000R\000N\000N\000s\000,\000\040\000L\000S\000T\000M\000s\000\040\000\046\000\040\000G\000R\000U\000s}{section.3}% 18
\BOOKMARK [1][-]{section.4}{\376\377\000B\000a\000c\000k\000p\000r\000o\000p\000a\000g\000a\000t\000i\000o\000n\000\040\000\046\000\040\000A\000u\000t\000o\000d\000i\000f\000f}{part.1}% 19
\BOOKMARK [2][-]{subsection.4.1}{\376\377\000C\000o\000m\000p\000u\000t\000a\000t\000i\000o\000n\000a\000l\000\040\000g\000r\000a\000p\000h\000s}{section.4}% 20
\BOOKMARK [2][-]{subsection.4.2}{\376\377\000F\000o\000r\000w\000a\000r\000d\000\040\000\046\000\040\000r\000e\000v\000e\000r\000s\000e\000\040\000m\000o\000d\000e\000\040\000a\000u\000t\000o\000d\000i\000f\000f}{section.4}% 21
\BOOKMARK [2][-]{subsection.4.3}{\376\377\000V\000a\000n\000i\000s\000h\000i\000n\000g\000\040\000\046\000\040\000e\000x\000p\000l\000o\000d\000i\000n\000g\000\040\000g\000r\000a\000d\000i\000e\000n\000t\000s}{section.4}% 22
\BOOKMARK [2][-]{subsection.4.4}{\376\377\000P\000y\000T\000o\000r\000c\000h\000\040\000a\000u\000t\000o\000g\000r\000a\000d\000\040\000i\000n\000t\000e\000r\000n\000a\000l\000s}{section.4}% 23
\BOOKMARK [1][-]{section.5}{\376\377\000R\000e\000g\000u\000l\000a\000r\000i\000z\000a\000t\000i\000o\000n\000,\000\040\000L\000o\000s\000s\000\040\000F\000u\000n\000c\000t\000i\000o\000n\000s\000\040\000\046\000\040\000T\000r\000a\000i\000n\000i\000n\000g\000\040\000T\000r\000i\000c\000k\000s}{part.1}% 24
\BOOKMARK [2][-]{subsection.5.1}{\376\377\000L\0001\000,\000\040\000L\0002\000,\000\040\000d\000r\000o\000p\000o\000u\000t\000,\000\040\000b\000a\000t\000c\000h\000\040\000n\000o\000r\000m}{section.5}% 25
\BOOKMARK [2][-]{subsection.5.2}{\376\377\000L\000o\000s\000s\000\040\000f\000u\000n\000c\000t\000i\000o\000n\000\040\000z\000o\000o}{section.5}% 26
\BOOKMARK [2][-]{subsection.5.3}{\376\377\000L\000e\000a\000r\000n\000i\000n\000g\000\040\000r\000a\000t\000e\000\040\000s\000c\000h\000e\000d\000u\000l\000e\000s}{section.5}% 27
\BOOKMARK [2][-]{subsection.5.4}{\376\377\000M\000i\000x\000e\000d\000\040\000p\000r\000e\000c\000i\000s\000i\000o\000n\000\040\000t\000r\000a\000i\000n\000i\000n\000g}{section.5}% 28
\BOOKMARK [0][-]{part.2}{\376\377\000I\000I\000\040\000L\000L\000M\000\040\000A\000r\000c\000h\000i\000t\000e\000c\000t\000u\000r\000e}{}% 29
\BOOKMARK [1][-]{section.6}{\376\377\000T\000r\000a\000n\000s\000f\000o\000r\000m\000e\000r\000\040\000A\000r\000c\000h\000i\000t\000e\000c\000t\000u\000r\000e\000\040\000D\000e\000e\000p\000\040\000D\000i\000v\000e}{part.2}% 30
\BOOKMARK [2][-]{subsection.6.1}{\376\377\000E\000n\000c\000o\000d\000e\000r\000-\000d\000e\000c\000o\000d\000e\000r\000\040\000v\000s\000\040\000d\000e\000c\000o\000d\000e\000r\000-\000o\000n\000l\000y}{section.6}% 31
\BOOKMARK [2][-]{subsection.6.2}{\376\377\000M\000u\000l\000t\000i\000-\000h\000e\000a\000d\000\040\000s\000e\000l\000f\000-\000a\000t\000t\000e\000n\000t\000i\000o\000n}{section.6}% 32
\BOOKMARK [2][-]{subsection.6.3}{\376\377\000F\000e\000e\000d\000-\000f\000o\000r\000w\000a\000r\000d\000\040\000s\000u\000b\000l\000a\000y\000e\000r}{section.6}% 33
\BOOKMARK [2][-]{subsection.6.4}{\376\377\000L\000a\000y\000e\000r\000\040\000n\000o\000r\000m\000\040\000\046\000\040\000r\000e\000s\000i\000d\000u\000a\000l\000\040\000s\000t\000r\000e\000a\000m}{section.6}% 34
\BOOKMARK [1][-]{section.7}{\376\377\000A\000t\000t\000e\000n\000t\000i\000o\000n\000\040\000M\000e\000c\000h\000a\000n\000i\000s\000m\000s}{part.2}% 35
\BOOKMARK [2][-]{subsection.7.1}{\376\377\000S\000c\000a\000l\000e\000d\000\040\000d\000o\000t\000-\000p\000r\000o\000d\000u\000c\000t\000\040\000a\000t\000t\000e\000n\000t\000i\000o\000n}{section.7}% 36
\BOOKMARK [2][-]{subsection.7.2}{\376\377\000M\000u\000l\000t\000i\000-\000h\000e\000a\000d\000\040\000a\000t\000t\000e\000n\000t\000i\000o\000n\000\040\000\050\000M\000H\000A\000\051}{section.7}% 37
\BOOKMARK [2][-]{subsection.7.3}{\376\377\000M\000u\000l\000t\000i\000-\000q\000u\000e\000r\000y\000\040\000\046\000\040\000g\000r\000o\000u\000p\000e\000d\000-\000q\000u\000e\000r\000y\000\040\000a\000t\000t\000e\000n\000t\000i\000o\000n\000\040\000\050\000M\000Q\000A\000,\000\040\000G\000Q\000A\000\051}{section.7}% 38
\BOOKMARK [2][-]{subsection.7.4}{\376\377\000S\000p\000a\000r\000s\000e\000\040\000\046\000\040\000l\000i\000n\000e\000a\000r\000\040\000a\000t\000t\000e\000n\000t\000i\000o\000n\000\040\000v\000a\000r\000i\000a\000n\000t\000s}{section.7}% 39
\BOOKMARK [2][-]{subsection.7.5}{\376\377\000F\000l\000a\000s\000h\000A\000t\000t\000e\000n\000t\000i\000o\000n}{section.7}% 40
\BOOKMARK [1][-]{section.8}{\376\377\000P\000o\000s\000i\000t\000i\000o\000n\000a\000l\000\040\000E\000n\000c\000o\000d\000i\000n\000g\000s}{part.2}% 41
\BOOKMARK [2][-]{subsection.8.1}{\376\377\000S\000i\000n\000u\000s\000o\000i\000d\000a\000l\000\040\000e\000n\000c\000o\000d\000i\000n\000g\000s\000\040\000\050\000o\000r\000i\000g\000i\000n\000a\000l\000\051}{section.8}% 42
\BOOKMARK [2][-]{subsection.8.2}{\376\377\000L\000e\000a\000r\000n\000e\000d\000\040\000a\000b\000s\000o\000l\000u\000t\000e\000\040\000p\000o\000s\000i\000t\000i\000o\000n\000s}{section.8}% 43
\BOOKMARK [2][-]{subsection.8.3}{\376\377\000R\000e\000l\000a\000t\000i\000v\000e\000\040\000p\000o\000s\000i\000t\000i\000o\000n\000\040\000e\000n\000c\000o\000d\000i\000n\000g\000s}{section.8}% 44
\BOOKMARK [2][-]{subsection.8.4}{\376\377\000R\000o\000P\000E\000\040\000\050\000r\000o\000t\000a\000r\000y\000\040\000p\000o\000s\000i\000t\000i\000o\000n\000\040\000e\000m\000b\000e\000d\000d\000i\000n\000g\000\051}{section.8}% 45
\BOOKMARK [2][-]{subsection.8.5}{\376\377\000A\000L\000i\000B\000i}{section.8}% 46
\BOOKMARK [1][-]{section.9}{\376\377\000T\000o\000k\000e\000n\000i\000z\000a\000t\000i\000o\000n\000\040\000\046\000\040\000V\000o\000c\000a\000b\000u\000l\000a\000r\000y}{part.2}% 47
\BOOKMARK [2][-]{subsection.9.1}{\376\377\000B\000P\000E\000,\000\040\000W\000o\000r\000d\000P\000i\000e\000c\000e\000,\000\040\000U\000n\000i\000g\000r\000a\000m}{section.9}% 48
\BOOKMARK [2][-]{subsection.9.2}{\376\377\000S\000e\000n\000t\000e\000n\000c\000e\000P\000i\000e\000c\000e\000\040\000\046\000\040\000t\000i\000k\000t\000o\000k\000e\000n}{section.9}% 49
\BOOKMARK [2][-]{subsection.9.3}{\376\377\000V\000o\000c\000a\000b\000u\000l\000a\000r\000y\000\040\000s\000i\000z\000e\000\040\000t\000r\000a\000d\000e\000-\000o\000f\000f\000s}{section.9}% 50
\BOOKMARK [2][-]{subsection.9.4}{\376\377\000M\000u\000l\000t\000i\000l\000i\000n\000g\000u\000a\000l\000\040\000t\000o\000k\000e\000n\000i\000z\000a\000t\000i\000o\000n}{section.9}% 51
\BOOKMARK [1][-]{section.10}{\376\377\000S\000c\000a\000l\000i\000n\000g\000\040\000L\000a\000w\000s\000\040\000\046\000\040\000E\000m\000e\000r\000g\000e\000n\000t\000\040\000C\000a\000p\000a\000b\000i\000l\000i\000t\000i\000e\000s}{part.2}% 52
\BOOKMARK [2][-]{subsection.10.1}{\376\377\000C\000h\000i\000n\000c\000h\000i\000l\000l\000a\000\040\000s\000c\000a\000l\000i\000n\000g\000\040\000l\000a\000w\000s}{section.10}% 53
\BOOKMARK [2][-]{subsection.10.2}{\376\377\000C\000o\000m\000p\000u\000t\000e\000-\000o\000p\000t\000i\000m\000a\000l\000\040\000t\000r\000a\000i\000n\000i\000n\000g}{section.10}% 54
\BOOKMARK [2][-]{subsection.10.3}{\376\377\000E\000m\000e\000r\000g\000e\000n\000t\000\040\000a\000b\000i\000l\000i\000t\000i\000e\000s\000\040\000\046\000\040\000p\000h\000a\000s\000e\000\040\000t\000r\000a\000n\000s\000i\000t\000i\000o\000n\000s}{section.10}% 55
\BOOKMARK [2][-]{subsection.10.4}{\376\377\000S\000c\000a\000l\000i\000n\000g\000\040\000i\000n\000f\000e\000r\000e\000n\000c\000e\000\040\000c\000o\000m\000p\000u\000t\000e}{section.10}% 56
\BOOKMARK [1][-]{section.11}{\376\377\000M\000i\000x\000t\000u\000r\000e\000\040\000o\000f\000\040\000E\000x\000p\000e\000r\000t\000s\000\040\000\050\000M\000o\000E\000\051}{part.2}% 57
\BOOKMARK [2][-]{subsection.11.1}{\376\377\000S\000p\000a\000r\000s\000e\000\040\000M\000o\000E\000\040\000f\000u\000n\000d\000a\000m\000e\000n\000t\000a\000l\000s}{section.11}% 58
\BOOKMARK [2][-]{subsection.11.2}{\376\377\000R\000o\000u\000t\000i\000n\000g\000\040\000m\000e\000c\000h\000a\000n\000i\000s\000m\000s}{section.11}% 59
\BOOKMARK [2][-]{subsection.11.3}{\376\377\000L\000o\000a\000d\000\040\000b\000a\000l\000a\000n\000c\000i\000n\000g\000\040\000l\000o\000s\000s\000e\000s}{section.11}% 60
\BOOKMARK [2][-]{subsection.11.4}{\376\377\000M\000o\000E\000\040\000i\000n\000\040\000p\000r\000a\000c\000t\000i\000c\000e\000\040\000\050\000M\000i\000x\000t\000r\000a\000l\000,\000\040\000G\000P\000T\000-\0004\000\040\000r\000u\000m\000o\000u\000r\000s\000\051}{section.11}% 61
\BOOKMARK [1][-]{section.12}{\376\377\000S\000t\000a\000t\000e\000\040\000S\000p\000a\000c\000e\000\040\000M\000o\000d\000e\000l\000s\000:\000\040\000M\000a\000m\000b\000a\000\040\000\046\000\040\000R\000W\000K\000V}{part.2}% 62
\BOOKMARK [2][-]{subsection.12.1}{\376\377\000S\0004\000\040\000\046\000\040\000s\000t\000r\000u\000c\000t\000u\000r\000e\000d\000\040\000s\000t\000a\000t\000e\000\040\000s\000p\000a\000c\000e\000s}{section.12}% 63
\BOOKMARK [2][-]{subsection.12.2}{\376\377\000M\000a\000m\000b\000a\000\040\000\046\000\040\000s\000e\000l\000e\000c\000t\000i\000v\000e\000\040\000S\000S\000M\000s}{section.12}% 64
\BOOKMARK [2][-]{subsection.12.3}{\376\377\000R\000W\000K\000V\000:\000\040\000R\000N\000N\000-\000t\000r\000a\000n\000s\000f\000o\000r\000m\000e\000r\000\040\000h\000y\000b\000r\000i\000d}{section.12}% 65
\BOOKMARK [2][-]{subsection.12.4}{\376\377\000S\000S\000M\000\040\000v\000s\000\040\000a\000t\000t\000e\000n\000t\000i\000o\000n\000\040\000t\000r\000a\000d\000e\000-\000o\000f\000f\000s}{section.12}% 66
\BOOKMARK [0][-]{part.3}{\376\377\000I\000I\000I\000\040\000H\000a\000r\000d\000w\000a\000r\000e\000\040\000\046\000\040\000S\000y\000s\000t\000e\000m\000s}{}% 67
\BOOKMARK [1][-]{section.13}{\376\377\000G\000P\000U\000\040\000A\000r\000c\000h\000i\000t\000e\000c\000t\000u\000r\000e}{part.3}% 68
\BOOKMARK [2][-]{subsection.13.1}{\376\377\000S\000M\000,\000\040\000w\000a\000r\000p\000,\000\040\000t\000h\000r\000e\000a\000d\000\040\000h\000i\000e\000r\000a\000r\000c\000h\000y}{section.13}% 69
\BOOKMARK [2][-]{subsection.13.2}{\376\377\000T\000e\000n\000s\000o\000r\000\040\000c\000o\000r\000e\000s\000\040\000\046\000\040\000T\000F\0003\0002\000/\000B\000F\0001\0006}{section.13}% 70
\BOOKMARK [2][-]{subsection.13.3}{\376\377\000M\000e\000m\000o\000r\000y\000:\000\040\000H\000B\000M\000,\000\040\000L\0002\000,\000\040\000S\000R\000A\000M}{section.13}% 71
\BOOKMARK [2][-]{subsection.13.4}{\376\377\000C\000U\000D\000A\000\040\000p\000r\000o\000g\000r\000a\000m\000m\000i\000n\000g\000\040\000m\000o\000d\000e\000l}{section.13}% 72
\BOOKMARK [2][-]{subsection.13.5}{\376\377\000N\000V\000L\000i\000n\000k\000\040\000\046\000\040\000G\000P\000U\000\040\000i\000n\000t\000e\000r\000c\000o\000n\000n\000e\000c\000t\000s}{section.13}% 73
\BOOKMARK [1][-]{section.14}{\376\377\000T\000P\000U\000s\000,\000\040\000N\000P\000U\000s\000\040\000\046\000\040\000C\000u\000s\000t\000o\000m\000\040\000A\000S\000I\000C\000s}{part.3}% 74
\BOOKMARK [2][-]{subsection.14.1}{\376\377\000G\000o\000o\000g\000l\000e\000\040\000T\000P\000U\000\040\000a\000r\000c\000h\000i\000t\000e\000c\000t\000u\000r\000e}{section.14}% 75
\BOOKMARK [2][-]{subsection.14.2}{\376\377\000S\000y\000s\000t\000o\000l\000i\000c\000\040\000a\000r\000r\000a\000y\000s}{section.14}% 76
\BOOKMARK [2][-]{subsection.14.3}{\376\377\000A\000p\000p\000l\000e\000\040\000N\000e\000u\000r\000a\000l\000\040\000E\000n\000g\000i\000n\000e}{section.14}% 77
\BOOKMARK [2][-]{subsection.14.4}{\376\377\000G\000r\000o\000q\000\040\000L\000P\000U\000\040\000\046\000\040\000C\000e\000r\000e\000b\000r\000a\000s\000\040\000W\000S\000E}{section.14}% 78
\BOOKMARK [2][-]{subsection.14.5}{\376\377\000C\000u\000s\000t\000o\000m\000\040\000A\000S\000I\000C\000\040\000d\000e\000s\000i\000g\000n\000\040\000t\000r\000a\000d\000e\000-\000o\000f\000f\000s}{section.14}% 79
\BOOKMARK [1][-]{section.15}{\376\377\000M\000e\000m\000o\000r\000y\000\040\000H\000i\000e\000r\000a\000r\000c\000h\000y\000\040\000\046\000\040\000B\000a\000n\000d\000w\000i\000d\000t\000h\000\040\000B\000o\000t\000t\000l\000e\000n\000e\000c\000k\000s}{part.3}% 80
\BOOKMARK [2][-]{subsection.15.1}{\376\377\000R\000o\000o\000f\000l\000i\000n\000e\000\040\000m\000o\000d\000e\000l}{section.15}% 81
\BOOKMARK [2][-]{subsection.15.2}{\376\377\000A\000r\000i\000t\000h\000m\000e\000t\000i\000c\000\040\000i\000n\000t\000e\000n\000s\000i\000t\000y}{section.15}% 82
\BOOKMARK [2][-]{subsection.15.3}{\376\377\000M\000e\000m\000o\000r\000y\000-\000b\000o\000u\000n\000d\000\040\000v\000s\000\040\000c\000o\000m\000p\000u\000t\000e\000-\000b\000o\000u\000n\000d\000\040\000o\000p\000s}{section.15}% 83
\BOOKMARK [2][-]{subsection.15.4}{\376\377\000H\000B\000M\000\040\000b\000a\000n\000d\000w\000i\000d\000t\000h\000\040\000\046\000\040\000c\000a\000p\000a\000c\000i\000t\000y\000\040\000l\000i\000m\000i\000t\000s}{section.15}% 84
\BOOKMARK [1][-]{section.16}{\376\377\000C\000U\000D\000A\000\040\000K\000e\000r\000n\000e\000l\000s\000\040\000f\000o\000r\000\040\000M\000L}{part.3}% 85
\BOOKMARK [2][-]{subsection.16.1}{\376\377\000M\000a\000t\000r\000i\000x\000\040\000m\000u\000l\000t\000i\000p\000l\000i\000c\000a\000t\000i\000o\000n\000\040\000\050\000G\000E\000M\000M\000\051}{section.16}% 86
\BOOKMARK [2][-]{subsection.16.2}{\376\377\000S\000o\000f\000t\000m\000a\000x\000\040\000\046\000\040\000l\000a\000y\000e\000r\000\040\000n\000o\000r\000m\000\040\000k\000e\000r\000n\000e\000l\000s}{section.16}% 87
\BOOKMARK [2][-]{subsection.16.3}{\376\377\000F\000u\000s\000e\000d\000\040\000a\000t\000t\000e\000n\000t\000i\000o\000n\000\040\000k\000e\000r\000n\000e\000l}{section.16}% 88
\BOOKMARK [2][-]{subsection.16.4}{\376\377\000S\000h\000a\000r\000e\000d\000\040\000m\000e\000m\000o\000r\000y\000\040\000t\000i\000l\000i\000n\000g}{section.16}% 89
\BOOKMARK [2][-]{subsection.16.5}{\376\377\000P\000r\000o\000f\000i\000l\000i\000n\000g\000\040\000w\000i\000t\000h\000\040\000N\000s\000i\000g\000h\000t}{section.16}% 90
\BOOKMARK [1][-]{section.17}{\376\377\000T\000r\000i\000t\000o\000n\000\040\000\046\000\040\000C\000u\000s\000t\000o\000m\000\040\000O\000p\000\040\000A\000u\000t\000h\000o\000r\000i\000n\000g}{part.3}% 91
\BOOKMARK [2][-]{subsection.17.1}{\376\377\000T\000r\000i\000t\000o\000n\000\040\000l\000a\000n\000g\000u\000a\000g\000e\000\040\000o\000v\000e\000r\000v\000i\000e\000w}{section.17}% 92
\BOOKMARK [2][-]{subsection.17.2}{\376\377\000W\000r\000i\000t\000i\000n\000g\000\040\000a\000\040\000f\000u\000s\000e\000d\000\040\000k\000e\000r\000n\000e\000l\000\040\000i\000n\000\040\000T\000r\000i\000t\000o\000n}{section.17}% 93
\BOOKMARK [2][-]{subsection.17.3}{\376\377\000T\000r\000i\000t\000o\000n\000\040\000v\000s\000\040\000C\000U\000D\000A\000\040\000t\000r\000a\000d\000e\000-\000o\000f\000f\000s}{section.17}% 94
\BOOKMARK [2][-]{subsection.17.4}{\376\377\000I\000n\000t\000e\000g\000r\000a\000t\000i\000o\000n\000\040\000w\000i\000t\000h\000\040\000P\000y\000T\000o\000r\000c\000h}{section.17}% 95
\BOOKMARK [1][-]{section.18}{\376\377\000P\000r\000o\000f\000i\000l\000i\000n\000g\000\040\000\046\000\040\000O\000p\000t\000i\000m\000i\000z\000a\000t\000i\000o\000n\000\040\000W\000o\000r\000k\000f\000l\000o\000w\000s}{part.3}% 96
\BOOKMARK [2][-]{subsection.18.1}{\376\377\000P\000y\000T\000o\000r\000c\000h\000\040\000P\000r\000o\000f\000i\000l\000e\000r\000\040\000\046\000\040\000t\000r\000a\000c\000e\000\040\000v\000i\000e\000w\000e\000r}{section.18}% 97
\BOOKMARK [2][-]{subsection.18.2}{\376\377\000N\000s\000i\000g\000h\000t\000\040\000S\000y\000s\000t\000e\000m\000s\000\040\000\046\000\040\000C\000o\000m\000p\000u\000t\000e}{section.18}% 98
\BOOKMARK [2][-]{subsection.18.3}{\376\377\000B\000o\000t\000t\000l\000e\000n\000e\000c\000k\000\040\000i\000d\000e\000n\000t\000i\000f\000i\000c\000a\000t\000i\000o\000n\000\040\000w\000o\000r\000k\000f\000l\000o\000w}{section.18}% 99
\BOOKMARK [2][-]{subsection.18.4}{\376\377\000O\000p\000e\000r\000a\000t\000o\000r\000\040\000f\000u\000s\000i\000o\000n\000\040\000s\000t\000r\000a\000t\000e\000g\000i\000e\000s}{section.18}% 100
\BOOKMARK [0][-]{part.4}{\376\377\000I\000V\000\040\000T\000r\000a\000i\000n\000i\000n\000g\000\040\000a\000t\000\040\000S\000c\000a\000l\000e}{}% 101
\BOOKMARK [1][-]{section.19}{\376\377\000P\000r\000e\000t\000r\000a\000i\000n\000i\000n\000g\000\040\000P\000i\000p\000e\000l\000i\000n\000e\000s\000\040\000\046\000\040\000D\000a\000t\000a\000\040\000C\000u\000r\000a\000t\000i\000o\000n}{part.4}% 102
\BOOKMARK [2][-]{subsection.19.1}{\376\377\000W\000e\000b\000-\000s\000c\000a\000l\000e\000\040\000d\000a\000t\000a\000\040\000c\000o\000l\000l\000e\000c\000t\000i\000o\000n}{section.19}% 103
\BOOKMARK [2][-]{subsection.19.2}{\376\377\000D\000e\000d\000u\000p\000l\000i\000c\000a\000t\000i\000o\000n\000\040\000\046\000\040\000q\000u\000a\000l\000i\000t\000y\000\040\000f\000i\000l\000t\000e\000r\000i\000n\000g}{section.19}% 104
\BOOKMARK [2][-]{subsection.19.3}{\376\377\000D\000a\000t\000a\000\040\000m\000i\000x\000i\000n\000g\000\040\000s\000t\000r\000a\000t\000e\000g\000i\000e\000s}{section.19}% 105
\BOOKMARK [2][-]{subsection.19.4}{\376\377\000P\000r\000e\000t\000r\000a\000i\000n\000i\000n\000g\000\040\000o\000b\000j\000e\000c\000t\000i\000v\000e\000s\000\040\000\050\000C\000L\000M\000,\000\040\000M\000L\000M\000,\000\040\000e\000t\000c\000.\000\051}{section.19}% 106
\BOOKMARK [1][-]{section.20}{\376\377\000D\000i\000s\000t\000r\000i\000b\000u\000t\000e\000d\000\040\000T\000r\000a\000i\000n\000i\000n\000g}{part.4}% 107
\BOOKMARK [2][-]{subsection.20.1}{\376\377\000D\000a\000t\000a\000\040\000p\000a\000r\000a\000l\000l\000e\000l\000i\000s\000m\000\040\000\050\000D\000D\000P\000\051}{section.20}% 108
\BOOKMARK [2][-]{subsection.20.2}{\376\377\000T\000e\000n\000s\000o\000r\000\040\000p\000a\000r\000a\000l\000l\000e\000l\000i\000s\000m}{section.20}% 109
\BOOKMARK [2][-]{subsection.20.3}{\376\377\000P\000i\000p\000e\000l\000i\000n\000e\000\040\000p\000a\000r\000a\000l\000l\000e\000l\000i\000s\000m}{section.20}% 110
\BOOKMARK [2][-]{subsection.20.4}{\376\377\000F\000S\000D\000P\000\040\000\046\000\040\000Z\000e\000R\000O\000\040\000o\000p\000t\000i\000m\000i\000z\000e\000r}{section.20}% 111
\BOOKMARK [2][-]{subsection.20.5}{\376\377\0003\000D\000\040\000p\000a\000r\000a\000l\000l\000e\000l\000i\000s\000m\000\040\000\046\000\040\000S\000e\000q\000u\000e\000n\000c\000e\000/\000C\000o\000n\000t\000e\000x\000t\000\040\000p\000a\000r\000a\000l\000l\000e\000l\000i\000s\000m}{section.20}% 112
\BOOKMARK [0][-]{part.5}{\376\377\000V\000\040\000P\000o\000s\000t\000-\000T\000r\000a\000i\000n\000i\000n\000g\000\040\000\046\000\040\000A\000l\000i\000g\000n\000m\000e\000n\000t}{}% 113
\BOOKMARK [1][-]{section.21}{\376\377\000F\000i\000n\000e\000-\000t\000u\000n\000i\000n\000g\000:\000\040\000S\000F\000T\000,\000\040\000L\000o\000R\000A\000,\000\040\000Q\000L\000o\000R\000A}{part.5}% 114
\BOOKMARK [2][-]{subsection.21.1}{\376\377\000S\000u\000p\000e\000r\000v\000i\000s\000e\000d\000\040\000f\000i\000n\000e\000-\000t\000u\000n\000i\000n\000g\000\040\000\050\000S\000F\000T\000\051}{section.21}% 115
\BOOKMARK [2][-]{subsection.21.2}{\376\377\000P\000a\000r\000a\000m\000e\000t\000e\000r\000-\000e\000f\000f\000i\000c\000i\000e\000n\000t\000\040\000f\000i\000n\000e\000-\000t\000u\000n\000i\000n\000g\000\040\000\050\000P\000E\000F\000T\000\051}{section.21}% 116
\BOOKMARK [2][-]{subsection.21.3}{\376\377\000L\000o\000R\000A\000\040\000\046\000\040\000A\000d\000a\000L\000o\000R\000A}{section.21}% 117
\BOOKMARK [2][-]{subsection.21.4}{\376\377\000Q\000L\000o\000R\000A\000\040\000\046\000\040\000q\000u\000a\000n\000t\000i\000z\000e\000d\000\040\000f\000i\000n\000e\000-\000t\000u\000n\000i\000n\000g}{section.21}% 118
\BOOKMARK [1][-]{section.22}{\376\377\000R\000L\000H\000F\000,\000\040\000D\000P\000O\000\040\000\046\000\040\000R\000e\000w\000a\000r\000d\000\040\000M\000o\000d\000e\000l\000l\000i\000n\000g}{part.5}% 119
\BOOKMARK [2][-]{subsection.22.1}{\376\377\000H\000u\000m\000a\000n\000\040\000p\000r\000e\000f\000e\000r\000e\000n\000c\000e\000\040\000c\000o\000l\000l\000e\000c\000t\000i\000o\000n}{section.22}% 120
\BOOKMARK [2][-]{subsection.22.2}{\376\377\000R\000e\000w\000a\000r\000d\000\040\000m\000o\000d\000e\000l\000\040\000t\000r\000a\000i\000n\000i\000n\000g}{section.22}% 121
\BOOKMARK [2][-]{subsection.22.3}{\376\377\000P\000P\000O\000\040\000f\000o\000r\000\040\000l\000a\000n\000g\000u\000a\000g\000e\000\040\000m\000o\000d\000e\000l\000s}{section.22}% 122
\BOOKMARK [2][-]{subsection.22.4}{\376\377\000D\000i\000r\000e\000c\000t\000\040\000p\000r\000e\000f\000e\000r\000e\000n\000c\000e\000\040\000o\000p\000t\000i\000m\000i\000z\000a\000t\000i\000o\000n\000\040\000\050\000D\000P\000O\000\051}{section.22}% 123
\BOOKMARK [2][-]{subsection.22.5}{\376\377\000G\000R\000P\000O\000\040\000\046\000\040\000a\000l\000t\000e\000r\000n\000a\000t\000i\000v\000e\000s}{section.22}% 124
\BOOKMARK [1][-]{section.23}{\376\377\000C\000o\000n\000s\000t\000i\000t\000u\000t\000i\000o\000n\000a\000l\000\040\000A\000I\000\040\000\046\000\040\000R\000L\000H\000F\000\040\000S\000a\000f\000e\000t\000y}{part.5}% 125
\BOOKMARK [2][-]{subsection.23.1}{\376\377\000C\000o\000n\000s\000t\000i\000t\000u\000t\000i\000o\000n\000a\000l\000\040\000A\000I\000\040\000\050\000A\000n\000t\000h\000r\000o\000p\000i\000c\000\051}{section.23}% 126
\BOOKMARK [2][-]{subsection.23.2}{\376\377\000R\000L\000H\000F\000\040\000s\000a\000f\000e\000t\000y\000\040\000p\000r\000o\000p\000e\000r\000t\000i\000e\000s}{section.23}% 127
\BOOKMARK [2][-]{subsection.23.3}{\376\377\000R\000e\000d\000-\000t\000e\000a\000m\000i\000n\000g\000\040\000m\000e\000t\000h\000o\000d\000o\000l\000o\000g\000i\000e\000s}{section.23}% 128
\BOOKMARK [2][-]{subsection.23.4}{\376\377\000R\000e\000f\000u\000s\000a\000l\000\040\000\046\000\040\000h\000a\000r\000m\000l\000e\000s\000s\000n\000e\000s\000s\000\040\000t\000r\000a\000d\000e\000-\000o\000f\000f\000s}{section.23}% 129
\BOOKMARK [0][-]{part.6}{\376\377\000V\000I\000\040\000I\000n\000f\000e\000r\000e\000n\000c\000e\000\040\000\046\000\040\000D\000e\000p\000l\000o\000y\000m\000e\000n\000t}{}% 130
\BOOKMARK [1][-]{section.24}{\376\377\000I\000n\000f\000e\000r\000e\000n\000c\000e\000\040\000\046\000\040\000D\000e\000c\000o\000d\000i\000n\000g\000\040\000S\000t\000r\000a\000t\000e\000g\000i\000e\000s}{part.6}% 131
\BOOKMARK [2][-]{subsection.24.1}{\376\377\000G\000r\000e\000e\000d\000y\000,\000\040\000b\000e\000a\000m\000\040\000s\000e\000a\000r\000c\000h\000,\000\040\000s\000a\000m\000p\000l\000i\000n\000g}{section.24}% 132
\BOOKMARK [2][-]{subsection.24.2}{\376\377\000T\000e\000m\000p\000e\000r\000a\000t\000u\000r\000e\000,\000\040\000t\000o\000p\000-\000k\000,\000\040\000t\000o\000p\000-\000p}{section.24}% 133
\BOOKMARK [2][-]{subsection.24.3}{\376\377\000K\000V\000\040\000c\000a\000c\000h\000e\000\040\000m\000e\000c\000h\000a\000n\000i\000c\000s}{section.24}% 134
\BOOKMARK [2][-]{subsection.24.4}{\376\377\000S\000p\000e\000c\000u\000l\000a\000t\000i\000v\000e\000\040\000d\000e\000c\000o\000d\000i\000n\000g}{section.24}% 135
\BOOKMARK [2][-]{subsection.24.5}{\376\377\000C\000o\000n\000t\000i\000n\000u\000o\000u\000s\000\040\000b\000a\000t\000c\000h\000i\000n\000g}{section.24}% 136
\BOOKMARK [2][-]{subsection.24.6}{\376\377\000R\000e\000a\000l\000-\000t\000i\000m\000e\000\040\000a\000c\000t\000i\000o\000n\000\040\000c\000h\000u\000n\000k\000i\000n\000g\000\040\000f\000o\000r\000\040\000r\000o\000b\000o\000t\000\040\000d\000e\000p\000l\000o\000y\000m\000e\000n\000t}{section.24}% 137
\BOOKMARK [1][-]{section.25}{\376\377\000T\000e\000s\000t\000-\000t\000i\000m\000e\000\040\000C\000o\000m\000p\000u\000t\000e\000\040\000\046\000\040\000R\000e\000a\000s\000o\000n\000i\000n\000g\000\040\000M\000o\000d\000e\000l\000s}{part.6}% 138
\BOOKMARK [2][-]{subsection.25.1}{\376\377\000S\000c\000a\000l\000i\000n\000g\000\040\000i\000n\000f\000e\000r\000e\000n\000c\000e\000\040\000c\000o\000m\000p\000u\000t\000e}{section.25}% 139
\BOOKMARK [2][-]{subsection.25.2}{\376\377\000O\000p\000e\000n\000A\000I\000\040\000o\0001\000\040\000/\000\040\000o\0003\000\040\000a\000r\000c\000h\000i\000t\000e\000c\000t\000u\000r\000e\000\040\000\050\000k\000n\000o\000w\000n\000\051}{section.25}% 140
\BOOKMARK [2][-]{subsection.25.3}{\376\377\000P\000r\000o\000c\000e\000s\000s\000\040\000r\000e\000w\000a\000r\000d\000\040\000m\000o\000d\000e\000l\000s\000\040\000\050\000P\000R\000M\000s\000\051}{section.25}% 141
\BOOKMARK [2][-]{subsection.25.4}{\376\377\000B\000e\000s\000t\000-\000o\000f\000-\000N\000\040\000\046\000\040\000s\000e\000l\000f\000-\000c\000o\000n\000s\000i\000s\000t\000e\000n\000c\000y}{section.25}% 142
\BOOKMARK [2][-]{subsection.25.5}{\376\377\000T\000h\000i\000n\000k\000i\000n\000g\000\040\000t\000o\000k\000e\000n\000s\000\040\000\046\000\040\000s\000c\000r\000a\000t\000c\000h\000p\000a\000d\000s}{section.25}% 143
\BOOKMARK [1][-]{section.26}{\376\377\000Q\000u\000a\000n\000t\000i\000z\000a\000t\000i\000o\000n\000\040\000\046\000\040\000M\000o\000d\000e\000l\000\040\000C\000o\000m\000p\000r\000e\000s\000s\000i\000o\000n}{part.6}% 144
\BOOKMARK [2][-]{subsection.26.1}{\376\377\000P\000o\000s\000t\000-\000t\000r\000a\000i\000n\000i\000n\000g\000\040\000q\000u\000a\000n\000t\000i\000z\000a\000t\000i\000o\000n\000\040\000\050\000P\000T\000Q\000\051}{section.26}% 145
\BOOKMARK [2][-]{subsection.26.2}{\376\377\000Q\000u\000a\000n\000t\000i\000z\000a\000t\000i\000o\000n\000-\000a\000w\000a\000r\000e\000\040\000t\000r\000a\000i\000n\000i\000n\000g\000\040\000\050\000Q\000A\000T\000\051}{section.26}% 146
\BOOKMARK [2][-]{subsection.26.3}{\376\377\000G\000P\000T\000Q\000,\000\040\000A\000W\000Q\000,\000\040\000G\000G\000U\000F\000\040\000f\000o\000r\000m\000a\000t\000s}{section.26}% 147
\BOOKMARK [2][-]{subsection.26.4}{\376\377\000P\000r\000u\000n\000i\000n\000g\000\040\000\046\000\040\000d\000i\000s\000t\000i\000l\000l\000a\000t\000i\000o\000n}{section.26}% 148
\BOOKMARK [1][-]{section.27}{\376\377\000I\000n\000f\000e\000r\000e\000n\000c\000e\000\040\000O\000p\000t\000i\000m\000i\000z\000a\000t\000i\000o\000n\000\040\000o\000n\000\040\000H\000a\000r\000d\000w\000a\000r\000e}{part.6}% 149
\BOOKMARK [2][-]{subsection.27.1}{\376\377\000F\000l\000a\000s\000h\000A\000t\000t\000e\000n\000t\000i\000o\000n\000\040\0001\000,\000\040\0002\000,\000\040\0003}{section.27}% 150
\BOOKMARK [2][-]{subsection.27.2}{\376\377\000P\000a\000g\000e\000d\000\040\000K\000V\000\040\000c\000a\000c\000h\000e\000\040\000\050\000v\000L\000L\000M\000\051}{section.27}% 151
\BOOKMARK [2][-]{subsection.27.3}{\376\377\000C\000o\000n\000t\000i\000n\000u\000o\000u\000s\000\040\000b\000a\000t\000c\000h\000i\000n\000g\000\040\000e\000n\000g\000i\000n\000e\000s}{section.27}% 152
\BOOKMARK [2][-]{subsection.27.4}{\376\377\000T\000e\000n\000s\000o\000r\000R\000T\000\040\000\046\000\040\000c\000o\000m\000p\000i\000l\000a\000t\000i\000o\000n}{section.27}% 153
\BOOKMARK [1][-]{section.28}{\376\377\000R\000u\000n\000n\000i\000n\000g\000\040\000L\000L\000M\000s\000\040\000O\000n\000-\000d\000e\000v\000i\000c\000e}{part.6}% 154
\BOOKMARK [2][-]{subsection.28.1}{\376\377\000l\000l\000a\000m\000a\000.\000c\000p\000p\000\040\000\046\000\040\000G\000G\000U\000F}{section.28}% 155
\BOOKMARK [2][-]{subsection.28.2}{\376\377\000O\000l\000l\000a\000m\000a\000\040\000\046\000\040\000L\000M\000\040\000S\000t\000u\000d\000i\000o}{section.28}% 156
\BOOKMARK [2][-]{subsection.28.3}{\376\377\000M\000L\000X\000\040\000\050\000A\000p\000p\000l\000e\000\040\000S\000i\000l\000i\000c\000o\000n\000\051}{section.28}% 157
\BOOKMARK [2][-]{subsection.28.4}{\376\377\000Q\000u\000a\000n\000t\000i\000z\000a\000t\000i\000o\000n\000\040\000f\000o\000r\000\040\000e\000d\000g\000e}{section.28}% 158
\BOOKMARK [2][-]{subsection.28.5}{\376\377\000P\000r\000i\000v\000a\000c\000y\000\040\000\046\000\040\000l\000a\000t\000e\000n\000c\000y\000\040\000t\000r\000a\000d\000e\000-\000o\000f\000f\000s}{section.28}% 159
\BOOKMARK [1][-]{section.29}{\376\377\000E\000m\000b\000e\000d\000d\000e\000d\000\040\000A\000I\000\040\000\046\000\040\000M\000i\000c\000r\000o\000c\000o\000n\000t\000r\000o\000l\000l\000e\000r\000\040\000I\000n\000f\000e\000r\000e\000n\000c\000e}{part.6}% 160
\BOOKMARK [2][-]{subsection.29.1}{\376\377\000T\000e\000n\000s\000o\000r\000F\000l\000o\000w\000\040\000L\000i\000t\000e\000\040\000\046\000\040\000T\000F\000L\000i\000t\000e\000\040\000M\000i\000c\000r\000o}{section.29}% 161
\BOOKMARK [2][-]{subsection.29.2}{\376\377\000O\000N\000N\000X\000\040\000R\000u\000n\000t\000i\000m\000e\000\040\000o\000n\000\040\000A\000R\000M}{section.29}% 162
\BOOKMARK [2][-]{subsection.29.3}{\376\377\000K\000e\000y\000w\000o\000r\000d\000\040\000s\000p\000o\000t\000t\000i\000n\000g\000\040\000p\000i\000p\000e\000l\000i\000n\000e\000s}{section.29}% 163
\BOOKMARK [2][-]{subsection.29.4}{\376\377\000P\000o\000w\000e\000r\000\040\000\046\000\040\000m\000e\000m\000o\000r\000y\000\040\000c\000o\000n\000s\000t\000r\000a\000i\000n\000t\000s}{section.29}% 164
\BOOKMARK [1][-]{section.30}{\376\377\000E\000d\000g\000e\000\040\000D\000e\000p\000l\000o\000y\000m\000e\000n\000t}{part.6}% 165
\BOOKMARK [2][-]{subsection.30.1}{\376\377\000M\000o\000d\000e\000l\000\040\000p\000r\000u\000n\000i\000n\000g\000\040\000f\000o\000r\000\040\000e\000d\000g\000e}{section.30}% 166
\BOOKMARK [2][-]{subsection.30.2}{\376\377\000P\000o\000s\000t\000-\000t\000r\000a\000i\000n\000i\000n\000g\000\040\000q\000u\000a\000n\000t\000i\000z\000a\000t\000i\000o\000n\000\040\000\050\000I\000N\000T\0004\000,\000\040\000I\000N\000T\0008\000\051}{section.30}% 167
\BOOKMARK [2][-]{subsection.30.3}{\376\377\000O\000N\000N\000X\000\040\000e\000x\000p\000o\000r\000t\000\040\000\046\000\040\000o\000p\000t\000i\000m\000i\000z\000a\000t\000i\000o\000n}{section.30}% 168
\BOOKMARK [2][-]{subsection.30.4}{\376\377\000N\000e\000u\000r\000a\000l\000\040\000A\000r\000c\000h\000i\000t\000e\000c\000t\000u\000r\000e\000\040\000S\000e\000a\000r\000c\000h\000\040\000\050\000N\000A\000S\000\051}{section.30}% 169
\BOOKMARK [0][-]{part.7}{\376\377\000V\000I\000I\000\040\000P\000r\000o\000m\000p\000t\000i\000n\000g\000\040\000\046\000\040\000R\000e\000t\000r\000i\000e\000v\000a\000l}{}% 170
\BOOKMARK [1][-]{section.31}{\376\377\000P\000r\000o\000m\000p\000t\000\040\000E\000n\000g\000i\000n\000e\000e\000r\000i\000n\000g\000\040\000\046\000\040\000I\000n\000-\000c\000o\000n\000t\000e\000x\000t\000\040\000L\000e\000a\000r\000n\000i\000n\000g}{part.7}% 171
\BOOKMARK [2][-]{subsection.31.1}{\376\377\000Z\000e\000r\000o\000-\000s\000h\000o\000t\000\040\000\046\000\040\000f\000e\000w\000-\000s\000h\000o\000t\000\040\000p\000r\000o\000m\000p\000t\000i\000n\000g}{section.31}% 172
\BOOKMARK [2][-]{subsection.31.2}{\376\377\000C\000h\000a\000i\000n\000-\000o\000f\000-\000t\000h\000o\000u\000g\000h\000t\000\040\000\050\000C\000o\000T\000\051}{section.31}% 173
\BOOKMARK [2][-]{subsection.31.3}{\376\377\000S\000t\000r\000u\000c\000t\000u\000r\000e\000d\000\040\000o\000u\000t\000p\000u\000t\000\040\000p\000r\000o\000m\000p\000t\000i\000n\000g}{section.31}% 174
\BOOKMARK [2][-]{subsection.31.4}{\376\377\000S\000y\000s\000t\000e\000m\000\040\000p\000r\000o\000m\000p\000t\000s\000\040\000\046\000\040\000j\000a\000i\000l\000b\000r\000e\000a\000k\000s}{section.31}% 175
\BOOKMARK [1][-]{section.32}{\376\377\000R\000A\000G\000\040\000\046\000\040\000L\000o\000n\000g\000-\000c\000o\000n\000t\000e\000x\000t\000\040\000R\000e\000t\000r\000i\000e\000v\000a\000l}{part.7}% 176
\BOOKMARK [2][-]{subsection.32.1}{\376\377\000N\000a\000i\000v\000e\000\040\000R\000A\000G\000\040\000p\000i\000p\000e\000l\000i\000n\000e}{section.32}% 177
\BOOKMARK [2][-]{subsection.32.2}{\376\377\000E\000m\000b\000e\000d\000d\000i\000n\000g\000\040\000m\000o\000d\000e\000l\000s\000\040\000\046\000\040\000v\000e\000c\000t\000o\000r\000\040\000D\000B\000s}{section.32}% 178
\BOOKMARK [2][-]{subsection.32.3}{\376\377\000C\000h\000u\000n\000k\000i\000n\000g\000\040\000s\000t\000r\000a\000t\000e\000g\000i\000e\000s}{section.32}% 179
\BOOKMARK [2][-]{subsection.32.4}{\376\377\000R\000e\000t\000r\000i\000e\000v\000a\000l\000\040\000m\000e\000t\000h\000o\000d\000s\000:\000\040\000d\000e\000n\000s\000e\000,\000\040\000s\000p\000a\000r\000s\000e\000,\000\040\000h\000y\000b\000r\000i\000d}{section.32}% 180
\BOOKMARK [2][-]{subsection.32.5}{\376\377\000R\000e\000r\000a\000n\000k\000i\000n\000g\000\040\000\046\000\040\000a\000d\000v\000a\000n\000c\000e\000d\000\040\000R\000A\000G}{section.32}% 181
\BOOKMARK [2][-]{subsection.32.6}{\376\377\000L\000o\000n\000g\000-\000c\000o\000n\000t\000e\000x\000t\000\040\000v\000s\000\040\000r\000e\000t\000r\000i\000e\000v\000a\000l\000\040\000t\000r\000a\000d\000e\000-\000o\000f\000f\000s}{section.32}% 182
\BOOKMARK [0][-]{part.8}{\376\377\000V\000I\000I\000I\000\040\000A\000g\000e\000n\000t\000\040\000S\000y\000s\000t\000e\000m\000s}{}% 183
\BOOKMARK [1][-]{section.33}{\376\377\000A\000I\000\040\000A\000g\000e\000n\000t\000\040\000F\000u\000n\000d\000a\000m\000e\000n\000t\000a\000l\000s\000\040\000\046\000\040\000A\000r\000c\000h\000i\000t\000e\000c\000t\000u\000r\000e\000s}{part.8}% 184
\BOOKMARK [2][-]{subsection.33.1}{\376\377\000A\000g\000e\000n\000t\000\040\000l\000o\000o\000p\000:\000\040\000p\000e\000r\000c\000e\000i\000v\000e\000,\000\040\000p\000l\000a\000n\000,\000\040\000a\000c\000t}{section.33}% 185
\BOOKMARK [2][-]{subsection.33.2}{\376\377\000R\000e\000A\000c\000t\000\040\000f\000r\000a\000m\000e\000w\000o\000r\000k}{section.33}% 186
\BOOKMARK [2][-]{subsection.33.3}{\376\377\000R\000e\000f\000l\000e\000x\000i\000o\000n\000\040\000\046\000\040\000s\000e\000l\000f\000-\000c\000r\000i\000t\000i\000q\000u\000e}{section.33}% 187
\BOOKMARK [2][-]{subsection.33.4}{\376\377\000A\000g\000e\000n\000t\000\040\000s\000c\000a\000f\000f\000o\000l\000d\000i\000n\000g\000\040\000p\000a\000t\000t\000e\000r\000n\000s}{section.33}% 188
\BOOKMARK [1][-]{section.34}{\376\377\000T\000o\000o\000l\000\040\000U\000s\000e\000,\000\040\000F\000u\000n\000c\000t\000i\000o\000n\000\040\000C\000a\000l\000l\000i\000n\000g\000\040\000\046\000\040\000M\000C\000P}{part.8}% 189
\BOOKMARK [2][-]{subsection.34.1}{\376\377\000F\000u\000n\000c\000t\000i\000o\000n\000\040\000c\000a\000l\000l\000i\000n\000g\000\040\000A\000P\000I\000s}{section.34}% 190
\BOOKMARK [2][-]{subsection.34.2}{\376\377\000M\000o\000d\000e\000l\000\040\000C\000o\000n\000t\000e\000x\000t\000\040\000P\000r\000o\000t\000o\000c\000o\000l\000\040\000\050\000M\000C\000P\000\051}{section.34}% 191
\BOOKMARK [2][-]{subsection.34.3}{\376\377\000T\000o\000o\000l\000\040\000s\000c\000h\000e\000m\000a\000\040\000d\000e\000s\000i\000g\000n}{section.34}% 192
\BOOKMARK [2][-]{subsection.34.4}{\376\377\000E\000r\000r\000o\000r\000\040\000h\000a\000n\000d\000l\000i\000n\000g\000\040\000i\000n\000\040\000t\000o\000o\000l\000\040\000l\000o\000o\000p\000s}{section.34}% 193
\BOOKMARK [1][-]{section.35}{\376\377\000A\000g\000e\000n\000t\000\040\000M\000e\000m\000o\000r\000y\000:\000\040\000E\000p\000i\000s\000o\000d\000i\000c\000,\000\040\000S\000e\000m\000a\000n\000t\000i\000c\000,\000\040\000W\000o\000r\000k\000i\000n\000g}{part.8}% 194
\BOOKMARK [2][-]{subsection.35.1}{\376\377\000I\000n\000-\000c\000o\000n\000t\000e\000x\000t\000\040\000\050\000w\000o\000r\000k\000i\000n\000g\000\051\000\040\000m\000e\000m\000o\000r\000y}{section.35}% 195
\BOOKMARK [2][-]{subsection.35.2}{\376\377\000E\000x\000t\000e\000r\000n\000a\000l\000\040\000e\000p\000i\000s\000o\000d\000i\000c\000\040\000m\000e\000m\000o\000r\000y}{section.35}% 196
\BOOKMARK [2][-]{subsection.35.3}{\376\377\000S\000e\000m\000a\000n\000t\000i\000c\000\040\000m\000e\000m\000o\000r\000y\000\040\000v\000i\000a\000\040\000v\000e\000c\000t\000o\000r\000\040\000D\000B\000s}{section.35}% 197
\BOOKMARK [2][-]{subsection.35.4}{\376\377\000C\000o\000n\000t\000e\000x\000t\000\040\000e\000n\000g\000i\000n\000e\000e\000r\000i\000n\000g}{section.35}% 198
\BOOKMARK [2][-]{subsection.35.5}{\376\377\000M\000e\000m\000o\000r\000y\000\040\000c\000o\000n\000s\000o\000l\000i\000d\000a\000t\000i\000o\000n\000\040\000s\000t\000r\000a\000t\000e\000g\000i\000e\000s}{section.35}% 199
\BOOKMARK [1][-]{section.36}{\376\377\000P\000l\000a\000n\000n\000i\000n\000g\000:\000\040\000M\000C\000T\000S\000,\000\040\000C\000o\000T\000,\000\040\000o\0001\000-\000s\000t\000y\000l\000e\000\040\000R\000e\000a\000s\000o\000n\000i\000n\000g}{part.8}% 200
\BOOKMARK [2][-]{subsection.36.1}{\376\377\000C\000l\000a\000s\000s\000i\000c\000a\000l\000\040\000p\000l\000a\000n\000n\000i\000n\000g\000\040\000\050\000S\000T\000R\000I\000P\000S\000,\000\040\000P\000D\000D\000L\000\051}{section.36}% 201
\BOOKMARK [2][-]{subsection.36.2}{\376\377\000M\000o\000n\000t\000e\000\040\000C\000a\000r\000l\000o\000\040\000T\000r\000e\000e\000\040\000S\000e\000a\000r\000c\000h\000\040\000\050\000M\000C\000T\000S\000\051}{section.36}% 202
\BOOKMARK [2][-]{subsection.36.3}{\376\377\000C\000h\000a\000i\000n\000-\000o\000f\000-\000t\000h\000o\000u\000g\000h\000t\000\040\000\046\000\040\000s\000c\000r\000a\000t\000c\000h\000p\000a\000d\000s}{section.36}% 203
\BOOKMARK [2][-]{subsection.36.4}{\376\377\000R\000e\000A\000c\000t\000\040\000\046\000\040\000a\000g\000e\000n\000t\000\040\000p\000l\000a\000n\000n\000i\000n\000g\000\040\000l\000o\000o\000p\000s}{section.36}% 204
\BOOKMARK [2][-]{subsection.36.5}{\376\377\000P\000l\000a\000n\000-\000a\000n\000d\000-\000E\000x\000e\000c\000u\000t\000e}{section.36}% 205
\BOOKMARK [2][-]{subsection.36.6}{\376\377\000o\0001\000\040\000/\000\040\000o\0003\000\040\000t\000e\000s\000t\000-\000t\000i\000m\000e\000\040\000c\000o\000m\000p\000u\000t\000e\000\040\000s\000c\000a\000l\000i\000n\000g}{section.36}% 206
\BOOKMARK [1][-]{section.37}{\376\377\000M\000u\000l\000t\000i\000-\000a\000g\000e\000n\000t\000\040\000S\000y\000s\000t\000e\000m\000s\000\040\000\046\000\040\000O\000r\000c\000h\000e\000s\000t\000r\000a\000t\000i\000o\000n}{part.8}% 207
\BOOKMARK [2][-]{subsection.37.1}{\376\377\000O\000r\000c\000h\000e\000s\000t\000r\000a\000t\000o\000r\000-\000s\000u\000b\000a\000g\000e\000n\000t\000\040\000p\000a\000t\000t\000e\000r\000n\000s}{section.37}% 208
\BOOKMARK [2][-]{subsection.37.2}{\376\377\000A\000u\000t\000o\000G\000e\000n\000,\000\040\000C\000r\000e\000w\000A\000I\000,\000\040\000L\000a\000n\000g\000G\000r\000a\000p\000h\000\040\000\046\000\040\000M\000e\000t\000a\000G\000P\000T}{section.37}% 209
\BOOKMARK [2][-]{subsection.37.3}{\376\377\000I\000n\000t\000e\000r\000-\000a\000g\000e\000n\000t\000\040\000c\000o\000m\000m\000u\000n\000i\000c\000a\000t\000i\000o\000n}{section.37}% 210
\BOOKMARK [2][-]{subsection.37.4}{\376\377\000R\000o\000u\000t\000e\000r\000s\000,\000\040\000s\000t\000a\000t\000e\000\040\000m\000a\000c\000h\000i\000n\000e\000s\000\040\000\046\000\040\000w\000o\000r\000k\000f\000l\000o\000w\000\040\000e\000n\000g\000i\000n\000e\000s}{section.37}% 211
\BOOKMARK [2][-]{subsection.37.5}{\376\377\000S\000w\000a\000r\000m\000\040\000i\000n\000t\000e\000l\000l\000i\000g\000e\000n\000c\000e\000\040\000a\000n\000a\000l\000o\000g\000i\000e\000s}{section.37}% 212
\BOOKMARK [0][-]{part.9}{\376\377\000I\000X\000\040\000A\000g\000e\000n\000t\000\040\000P\000l\000a\000t\000f\000o\000r\000m\000s\000\040\000\046\000\040\000T\000o\000o\000l\000i\000n\000g}{}% 213
\BOOKMARK [1][-]{section.38}{\376\377\000O\000p\000e\000n\000C\000l\000a\000w\000\040\000\046\000\040\000A\000g\000e\000n\000t\000\040\000O\000S\000\040\000I\000n\000t\000e\000g\000r\000a\000t\000i\000o\000n}{part.9}% 214
\BOOKMARK [2][-]{subsection.38.1}{\376\377\000O\000p\000e\000n\000C\000l\000a\000w\000\040\000a\000r\000c\000h\000i\000t\000e\000c\000t\000u\000r\000e\000\040\000o\000v\000e\000r\000v\000i\000e\000w}{section.38}% 215
\BOOKMARK [2][-]{subsection.38.2}{\376\377\000O\000S\000-\000l\000e\000v\000e\000l\000\040\000a\000g\000e\000n\000t\000\040\000p\000r\000i\000m\000i\000t\000i\000v\000e\000s}{section.38}% 216
\BOOKMARK [2][-]{subsection.38.3}{\376\377\000F\000i\000l\000e\000s\000y\000s\000t\000e\000m\000\040\000\046\000\040\000p\000r\000o\000c\000e\000s\000s\000\040\000a\000c\000c\000e\000s\000s}{section.38}% 217
\BOOKMARK [2][-]{subsection.38.4}{\376\377\000S\000e\000c\000u\000r\000i\000t\000y\000\040\000s\000a\000n\000d\000b\000o\000x\000i\000n\000g}{section.38}% 218
\BOOKMARK [2][-]{subsection.38.5}{\376\377\000D\000e\000s\000k\000t\000o\000p\000\040\000a\000u\000t\000o\000m\000a\000t\000i\000o\000n\000\040\000p\000a\000t\000t\000e\000r\000n\000s}{section.38}% 219
\BOOKMARK [1][-]{section.39}{\376\377\000A\000I\000\040\000C\000o\000d\000i\000n\000g\000\040\000A\000g\000e\000n\000t\000s\000\040\000\046\000\040\000I\000D\000E\000s}{part.9}% 220
\BOOKMARK [2][-]{subsection.39.1}{\376\377\000L\000a\000n\000d\000s\000c\000a\000p\000e\000\040\000o\000v\000e\000r\000v\000i\000e\000w}{section.39}% 221
\BOOKMARK [2][-]{subsection.39.2}{\376\377\000C\000u\000r\000s\000o\000r\000:\000\040\000a\000r\000c\000h\000i\000t\000e\000c\000t\000u\000r\000e\000\040\000\046\000\040\000e\000d\000i\000t\000\040\000m\000o\000d\000e\000l}{section.39}% 222
\BOOKMARK [2][-]{subsection.39.3}{\376\377\000G\000i\000t\000H\000u\000b\000\040\000C\000o\000p\000i\000l\000o\000t\000\040\000\046\000\040\000C\000o\000d\000e\000x}{section.39}% 223
\BOOKMARK [2][-]{subsection.39.4}{\376\377\000W\000i\000n\000d\000s\000u\000r\000f\000\040\000\050\000C\000o\000d\000e\000i\000u\000m\000\051}{section.39}% 224
\BOOKMARK [2][-]{subsection.39.5}{\376\377\000A\000n\000t\000i\000g\000r\000a\000v\000i\000t\000y}{section.39}% 225
\BOOKMARK [2][-]{subsection.39.6}{\376\377\000D\000e\000v\000i\000n\000\040\000\046\000\040\000S\000W\000E\000-\000a\000g\000e\000n\000t}{section.39}% 226
\BOOKMARK [2][-]{subsection.39.7}{\376\377\000A\000i\000d\000e\000r\000\040\000\046\000\040\000C\000L\000I\000\040\000c\000o\000d\000i\000n\000g\000\040\000a\000g\000e\000n\000t\000s}{section.39}% 227
\BOOKMARK [2][-]{subsection.39.8}{\376\377\000C\000l\000a\000u\000d\000e\000\040\000C\000o\000d\000e\000\040\000r\000e\000m\000o\000t\000e\000\040\000c\000o\000n\000t\000r\000o\000l}{section.39}% 228
\BOOKMARK [2][-]{subsection.39.9}{\376\377\000H\000o\000w\000\040\000A\000I\000\040\000I\000D\000E\000s\000\040\000u\000s\000e\000\040\000c\000o\000n\000t\000e\000x\000t\000\040\000\050\000r\000e\000p\000o\000\040\000m\000a\000p\000,\000\040\000R\000A\000G\000\051}{section.39}% 229
\BOOKMARK [2][-]{subsection.39.10}{\376\377\000D\000i\000f\000f\000\040\000a\000p\000p\000l\000i\000c\000a\000t\000i\000o\000n\000\040\000\046\000\040\000c\000o\000n\000f\000l\000i\000c\000t\000\040\000r\000e\000s\000o\000l\000u\000t\000i\000o\000n}{section.39}% 230
\BOOKMARK [2][-]{subsection.39.11}{\376\377\000E\000v\000a\000l\000u\000a\000t\000i\000o\000n\000:\000\040\000S\000W\000E\000-\000b\000e\000n\000c\000h\000,\000\040\000A\000i\000d\000e\000r\000\040\000P\000o\000l\000y\000g\000l\000o\000t\000\040\000\046\000\040\000c\000o\000d\000i\000n\000g\000\040\000b\000e\000n\000c\000h\000m\000a\000r\000k\000s}{section.39}% 231
\BOOKMARK [1][-]{section.40}{\376\377\000A\000g\000e\000n\000t\000i\000c\000\040\000P\000l\000a\000t\000f\000o\000r\000m\000s\000:\000\040\000M\000a\000n\000u\000s\000,\000\040\000C\000o\000m\000p\000u\000t\000e\000r\000\040\000U\000s\000e\000\040\000\046\000\040\000B\000e\000y\000o\000n\000d}{part.9}% 232
\BOOKMARK [2][-]{subsection.40.1}{\376\377\000M\000a\000n\000u\000s\000\040\000A\000I\000\040\000o\000v\000e\000r\000v\000i\000e\000w\000\040\000\050\000B\000u\000t\000t\000e\000r\000f\000l\000y\000\040\000E\000f\000f\000e\000c\000t\000\051}{section.40}% 233
\BOOKMARK [2][-]{subsection.40.2}{\376\377\000N\000V\000I\000D\000I\000A\000\040\000N\000e\000m\000o\000C\000l\000a\000w\000\040\000/\000\040\000O\000p\000e\000n\000S\000h\000e\000l\000l}{section.40}% 234
\BOOKMARK [2][-]{subsection.40.3}{\376\377\000S\000a\000a\000S\000\040\041\222\000\040\000A\000a\000a\000S\000:\000\040\000t\000h\000e\000\040\000a\000g\000e\000n\000t\000i\000c\000\040\000t\000r\000a\000n\000s\000f\000o\000r\000m\000a\000t\000i\000o\000n}{section.40}% 235
\BOOKMARK [2][-]{subsection.40.4}{\376\377\000A\000n\000t\000h\000r\000o\000p\000i\000c\000\040\000C\000o\000m\000p\000u\000t\000e\000r\000\040\000U\000s\000e}{section.40}% 236
\BOOKMARK [2][-]{subsection.40.5}{\376\377\000O\000p\000e\000n\000A\000I\000\040\000O\000p\000e\000r\000a\000t\000o\000r\000\040\000\046\000\040\000A\000g\000e\000n\000t\000s\000\040\000S\000D\000K}{section.40}% 237
\BOOKMARK [2][-]{subsection.40.6}{\376\377\000B\000r\000o\000w\000s\000e\000r\000-\000u\000s\000e\000\040\000\046\000\040\000w\000e\000b\000\040\000a\000u\000t\000o\000m\000a\000t\000i\000o\000n}{section.40}% 238
\BOOKMARK [2][-]{subsection.40.7}{\376\377\000D\000e\000s\000k\000t\000o\000p\000\040\000a\000g\000e\000n\000t\000\040\000a\000r\000c\000h\000i\000t\000e\000c\000t\000u\000r\000e\000s}{section.40}% 239
\BOOKMARK [2][-]{subsection.40.8}{\376\377\000S\000e\000c\000u\000r\000i\000t\000y\000\040\000\046\000\040\000s\000a\000n\000d\000b\000o\000x\000i\000n\000g\000\040\000f\000o\000r\000\040\000a\000u\000t\000o\000n\000o\000m\000o\000u\000s\000\040\000a\000g\000e\000n\000t\000s}{section.40}% 240
\BOOKMARK [2][-]{subsection.40.9}{\376\377\000M\000e\000t\000a\000'\000s\000\040\000a\000g\000e\000n\000t\000\040\000r\000e\000s\000e\000a\000r\000c\000h\000\040\000\050\000L\000L\000a\000M\000A\000,\000\040\000C\000I\000C\000E\000R\000O\000\051}{section.40}% 241
\BOOKMARK [0][-]{part.10}{\376\377\000X\000\040\000M\000u\000l\000t\000i\000m\000o\000d\000a\000l\000\040\000\046\000\040\000W\000o\000r\000l\000d\000\040\000M\000o\000d\000e\000l\000s}{}% 242
\BOOKMARK [1][-]{section.41}{\376\377\000V\000i\000s\000i\000o\000n\000-\000L\000a\000n\000g\000u\000a\000g\000e\000\040\000M\000o\000d\000e\000l\000s}{part.10}% 243
\BOOKMARK [2][-]{subsection.41.1}{\376\377\000C\000L\000I\000P\000\040\000\046\000\040\000c\000o\000n\000t\000r\000a\000s\000t\000i\000v\000e\000\040\000p\000r\000e\000t\000r\000a\000i\000n\000i\000n\000g}{section.41}% 244
\BOOKMARK [2][-]{subsection.41.2}{\376\377\000L\000L\000a\000V\000A\000,\000\040\000F\000l\000a\000m\000i\000n\000g\000o\000,\000\040\000P\000a\000L\000I}{section.41}% 245
\BOOKMARK [2][-]{subsection.41.3}{\376\377\000V\000i\000s\000i\000o\000n\000\040\000t\000o\000k\000e\000n\000s\000\040\000\046\000\040\000p\000a\000t\000c\000h\000\040\000e\000m\000b\000e\000d\000d\000i\000n\000g\000s}{section.41}% 246
\BOOKMARK [2][-]{subsection.41.4}{\376\377\000G\000r\000o\000u\000n\000d\000i\000n\000g\000\040\000\046\000\040\000s\000p\000a\000t\000i\000a\000l\000\040\000r\000e\000a\000s\000o\000n\000i\000n\000g}{section.41}% 247
\BOOKMARK [1][-]{section.42}{\376\377\000D\000i\000f\000f\000u\000s\000i\000o\000n\000\040\000M\000o\000d\000e\000l\000s\000\040\000\046\000\040\000G\000e\000n\000e\000r\000a\000t\000i\000v\000e\000\040\000V\000i\000s\000i\000o\000n}{part.10}% 248
\BOOKMARK [2][-]{subsection.42.1}{\376\377\000G\000A\000N\000s\000\040\000\046\000\040\000V\000A\000E\000s\000\040\000\050\000g\000e\000n\000e\000r\000a\000t\000i\000v\000e\000\040\000p\000r\000e\000d\000e\000c\000e\000s\000s\000o\000r\000s\000\051}{section.42}% 249
\BOOKMARK [2][-]{subsection.42.2}{\376\377\000D\000D\000P\000M\000\040\000\046\000\040\000D\000D\000I\000M}{section.42}% 250
\BOOKMARK [2][-]{subsection.42.3}{\376\377\000S\000c\000o\000r\000e\000\040\000m\000a\000t\000c\000h\000i\000n\000g\000\040\000\046\000\040\000S\000D\000E\000\040\000p\000e\000r\000s\000p\000e\000c\000t\000i\000v\000e}{section.42}% 251
\BOOKMARK [2][-]{subsection.42.4}{\376\377\000S\000t\000a\000b\000l\000e\000\040\000D\000i\000f\000f\000u\000s\000i\000o\000n\000\040\000a\000r\000c\000h\000i\000t\000e\000c\000t\000u\000r\000e}{section.42}% 252
\BOOKMARK [2][-]{subsection.42.5}{\376\377\000C\000o\000n\000t\000r\000o\000l\000N\000e\000t\000,\000\040\000L\000o\000R\000A\000\040\000f\000o\000r\000\040\000i\000m\000a\000g\000e\000s}{section.42}% 253
\BOOKMARK [2][-]{subsection.42.6}{\376\377\000F\000l\000o\000w\000\040\000m\000a\000t\000c\000h\000i\000n\000g}{section.42}% 254
\BOOKMARK [1][-]{section.43}{\376\377\000A\000u\000d\000i\000o\000,\000\040\000S\000p\000e\000e\000c\000h\000\040\000\046\000\040\000M\000u\000l\000t\000i\000m\000o\000d\000a\000l\000\040\000F\000u\000s\000i\000o\000n}{part.10}% 255
\BOOKMARK [2][-]{subsection.43.1}{\376\377\000W\000h\000i\000s\000p\000e\000r\000\040\000\046\000\040\000s\000p\000e\000e\000c\000h\000\040\000r\000e\000c\000o\000g\000n\000i\000t\000i\000o\000n}{section.43}% 256
\BOOKMARK [2][-]{subsection.43.2}{\376\377\000A\000u\000d\000i\000o\000\040\000t\000o\000k\000e\000n\000i\000z\000a\000t\000i\000o\000n}{section.43}% 257
\BOOKMARK [2][-]{subsection.43.3}{\376\377\000T\000T\000S\000\040\000\046\000\040\000v\000o\000i\000c\000e\000\040\000c\000l\000o\000n\000i\000n\000g}{section.43}% 258
\BOOKMARK [2][-]{subsection.43.4}{\376\377\000M\000u\000l\000t\000i\000m\000o\000d\000a\000l\000\040\000f\000u\000s\000i\000o\000n\000\040\000s\000t\000r\000a\000t\000e\000g\000i\000e\000s}{section.43}% 259
\BOOKMARK [1][-]{section.44}{\376\377\000W\000o\000r\000l\000d\000\040\000M\000o\000d\000e\000l\000\040\000T\000h\000e\000o\000r\000y}{part.10}% 260
\BOOKMARK [2][-]{subsection.44.1}{\376\377\000L\000e\000C\000u\000n\000'\000s\000\040\000J\000E\000P\000A\000\040\000a\000r\000c\000h\000i\000t\000e\000c\000t\000u\000r\000e}{section.44}% 261
\BOOKMARK [2][-]{subsection.44.2}{\376\377\000D\000r\000e\000a\000m\000e\000r\000\040\000\050\000R\000S\000S\000M\000\051}{section.44}% 262
\BOOKMARK [2][-]{subsection.44.3}{\376\377\000W\000o\000r\000l\000d\000\040\000m\000o\000d\000e\000l\000s\000\040\000i\000n\000\040\000R\000L}{section.44}% 263
\BOOKMARK [2][-]{subsection.44.4}{\376\377\000P\000r\000e\000d\000i\000c\000t\000i\000v\000e\000\040\000c\000o\000d\000i\000n\000g\000\040\000t\000h\000e\000o\000r\000i\000e\000s}{section.44}% 264
\BOOKMARK [1][-]{section.45}{\376\377\000V\000i\000d\000e\000o\000\040\000\046\000\040\000P\000r\000e\000d\000i\000c\000t\000i\000v\000e\000\040\000M\000o\000d\000e\000l\000s}{part.10}% 265
\BOOKMARK [2][-]{subsection.45.1}{\376\377\000S\000o\000r\000a\000\040\000\046\000\040\000v\000i\000d\000e\000o\000\040\000d\000i\000f\000f\000u\000s\000i\000o\000n}{section.45}% 266
\BOOKMARK [2][-]{subsection.45.2}{\376\377\000G\000e\000n\000i\000e\000\040\000\046\000\040\000i\000n\000t\000e\000r\000a\000c\000t\000i\000v\000e\000\040\000w\000o\000r\000l\000d\000\040\000m\000o\000d\000e\000l\000s}{section.45}% 267
\BOOKMARK [2][-]{subsection.45.3}{\376\377\000T\000e\000m\000p\000o\000r\000a\000l\000\040\000c\000o\000n\000s\000i\000s\000t\000e\000n\000c\000y\000\040\000c\000h\000a\000l\000l\000e\000n\000g\000e\000s}{section.45}% 268
\BOOKMARK [2][-]{subsection.45.4}{\376\377\000N\000e\000x\000t\000-\000f\000r\000a\000m\000e\000\040\000p\000r\000e\000d\000i\000c\000t\000i\000o\000n\000\040\000a\000s\000\040\000p\000r\000e\000t\000r\000a\000i\000n\000i\000n\000g}{section.45}% 269
\BOOKMARK [1][-]{section.46}{\376\377\000E\000m\000b\000o\000d\000i\000e\000d\000\040\000A\000I\000\040\000\046\000\040\000S\000i\000m\000u\000l\000a\000t\000i\000o\000n}{part.10}% 270
\BOOKMARK [2][-]{subsection.46.1}{\376\377\000S\000L\000A\000M\000\040\000\046\000\040\000r\000o\000b\000o\000t\000\040\000p\000e\000r\000c\000e\000p\000t\000i\000o\000n}{section.46}% 271
\BOOKMARK [2][-]{subsection.46.2}{\376\377\000S\000i\000m\000-\000t\000o\000-\000r\000e\000a\000l\000\040\000t\000r\000a\000n\000s\000f\000e\000r}{section.46}% 272
\BOOKMARK [2][-]{subsection.46.3}{\376\377\000R\000T\000-\0002\000,\000\040\000P\000a\000L\000M\000-\000E\000,\000\040\000e\000m\000b\000o\000d\000i\000e\000d\000\040\000L\000L\000M\000s}{section.46}% 273
\BOOKMARK [2][-]{subsection.46.4}{\376\377\000P\000r\000o\000j\000e\000c\000t\000\040\000G\000R\0000\0000\000T\000\040\000\046\000\040\000f\000o\000u\000n\000d\000a\000t\000i\000o\000n\000\040\000m\000o\000d\000e\000l\000s\000\040\000f\000o\000r\000\040\000r\000o\000b\000o\000t\000i\000c\000s}{section.46}% 274
\BOOKMARK [2][-]{subsection.46.5}{\376\377\000S\000i\000m\000u\000l\000a\000t\000i\000o\000n\000\040\000e\000n\000v\000i\000r\000o\000n\000m\000e\000n\000t\000s\000\040\000\050\000I\000s\000a\000a\000c\000,\000\040\000M\000u\000J\000o\000C\000o\000\051}{section.46}% 275
\BOOKMARK [2][-]{subsection.46.6}{\376\377\000M\000a\000n\000i\000p\000u\000l\000a\000t\000i\000o\000n\000\040\000\046\000\040\000l\000o\000c\000o\000m\000o\000t\000i\000o\000n\000\040\000t\000a\000s\000k\000s}{section.46}% 276
\BOOKMARK [2][-]{subsection.46.7}{\376\377\000H\000u\000m\000a\000n\000o\000i\000d\000\040\000l\000o\000c\000o\000-\000m\000a\000n\000i\000p\000u\000l\000a\000t\000i\000o\000n\000\040\000\046\000\040\000V\000L\000A\000\040\000m\000o\000d\000e\000l\000s}{section.46}% 277
\BOOKMARK [2][-]{subsection.46.8}{\376\377\000H\000u\000m\000a\000n\000D\000e\000x\000:\000\040\000I\000M\000U\000-\000b\000a\000s\000e\000d\000\040\000w\000h\000o\000l\000e\000-\000b\000o\000d\000y\000\040\000t\000e\000l\000e\000o\000p\000e\000r\000a\000t\000i\000o\000n}{section.46}% 278
\BOOKMARK [0][-]{part.11}{\376\377\000X\000I\000\040\000S\000a\000f\000e\000t\000y\000\040\000\046\000\040\000I\000n\000t\000e\000r\000p\000r\000e\000t\000a\000b\000i\000l\000i\000t\000y}{}% 279
\BOOKMARK [1][-]{section.47}{\376\377\000A\000I\000\040\000S\000a\000f\000e\000t\000y\000\040\000L\000a\000n\000d\000s\000c\000a\000p\000e\000\040\000\046\000\040\000T\000h\000r\000e\000a\000t\000\040\000M\000o\000d\000e\000l\000s}{part.11}% 280
\BOOKMARK [2][-]{subsection.47.1}{\376\377\000A\000l\000i\000g\000n\000m\000e\000n\000t\000\040\000p\000r\000o\000b\000l\000e\000m\000\040\000o\000v\000e\000r\000v\000i\000e\000w}{section.47}% 281
\BOOKMARK [2][-]{subsection.47.2}{\376\377\000R\000e\000w\000a\000r\000d\000\040\000h\000a\000c\000k\000i\000n\000g\000\040\000\046\000\040\000G\000o\000o\000d\000h\000a\000r\000t\000'\000s\000\040\000l\000a\000w}{section.47}% 282
\BOOKMARK [2][-]{subsection.47.3}{\376\377\000D\000e\000c\000e\000p\000t\000i\000v\000e\000\040\000a\000l\000i\000g\000n\000m\000e\000n\000t}{section.47}% 283
\BOOKMARK [2][-]{subsection.47.4}{\376\377\000C\000o\000n\000t\000a\000i\000n\000m\000e\000n\000t\000\040\000\046\000\040\000c\000o\000n\000t\000r\000o\000l}{section.47}% 284
\BOOKMARK [2][-]{subsection.47.5}{\376\377\000T\000r\000a\000i\000n\000i\000n\000g\000-\000t\000i\000m\000e\000\040\000s\000a\000f\000e\000t\000y\000:\000\040\000d\000a\000t\000a\000\040\000e\000x\000c\000l\000u\000s\000i\000o\000n\000\040\000\046\000\040\000p\000e\000r\000p\000l\000e\000x\000i\000t\000y\000\040\000v\000e\000r\000i\000f\000i\000c\000a\000t\000i\000o\000n}{section.47}% 285
\BOOKMARK [1][-]{section.48}{\376\377\000I\000n\000t\000e\000r\000p\000r\000e\000t\000a\000b\000i\000l\000i\000t\000y\000\040\000\046\000\040\000M\000e\000c\000h\000a\000n\000i\000s\000t\000i\000c\000\040\000A\000n\000a\000l\000y\000s\000i\000s}{part.11}% 286
\BOOKMARK [2][-]{subsection.48.1}{\376\377\000P\000r\000o\000b\000i\000n\000g\000\040\000c\000l\000a\000s\000s\000i\000f\000i\000e\000r\000s}{section.48}% 287
\BOOKMARK [2][-]{subsection.48.2}{\376\377\000S\000u\000p\000e\000r\000p\000o\000s\000i\000t\000i\000o\000n\000\040\000h\000y\000p\000o\000t\000h\000e\000s\000i\000s}{section.48}% 288
\BOOKMARK [2][-]{subsection.48.3}{\376\377\000S\000p\000a\000r\000s\000e\000\040\000a\000u\000t\000o\000e\000n\000c\000o\000d\000e\000r\000s\000\040\000\050\000S\000A\000E\000\051}{section.48}% 289
\BOOKMARK [2][-]{subsection.48.4}{\376\377\000C\000i\000r\000c\000u\000i\000t\000-\000l\000e\000v\000e\000l\000\040\000a\000n\000a\000l\000y\000s\000i\000s}{section.48}% 290
\BOOKMARK [2][-]{subsection.48.5}{\376\377\000A\000c\000t\000i\000v\000a\000t\000i\000o\000n\000\040\000p\000a\000t\000c\000h\000i\000n\000g}{section.48}% 291
\BOOKMARK [0][-]{part.12}{\376\377\000X\000I\000I\000\040\000E\000v\000a\000l\000u\000a\000t\000i\000o\000n}{}% 292
\BOOKMARK [1][-]{section.49}{\376\377\000E\000v\000a\000l\000u\000a\000t\000i\000o\000n\000\040\000M\000e\000t\000h\000o\000d\000o\000l\000o\000g\000y\000\040\000\046\000\040\000B\000e\000n\000c\000h\000m\000a\000r\000k\000\040\000D\000e\000s\000i\000g\000n}{part.12}% 293
\BOOKMARK [2][-]{subsection.49.1}{\376\377\000E\000v\000a\000l\000u\000a\000t\000i\000o\000n\000\040\000t\000a\000x\000o\000n\000o\000m\000y}{section.49}% 294
\BOOKMARK [2][-]{subsection.49.2}{\376\377\000C\000o\000n\000t\000a\000m\000i\000n\000a\000t\000i\000o\000n\000\040\000\046\000\040\000d\000a\000t\000a\000\040\000l\000e\000a\000k\000a\000g\000e}{section.49}% 295
\BOOKMARK [2][-]{subsection.49.3}{\376\377\000L\000o\000n\000g\000-\000c\000o\000n\000t\000e\000x\000t\000\040\000e\000v\000a\000l\000u\000a\000t\000i\000o\000n\000:\000\040\000n\000e\000e\000d\000l\000e\000-\000i\000n\000-\000a\000-\000h\000a\000y\000s\000t\000a\000c\000k}{section.49}% 296
\BOOKMARK [2][-]{subsection.49.4}{\376\377\000H\000u\000m\000a\000n\000\040\000v\000s\000\040\000a\000u\000t\000o\000m\000a\000t\000e\000d\000\040\000e\000v\000a\000l\000u\000a\000t\000i\000o\000n}{section.49}% 297
\BOOKMARK [2][-]{subsection.49.5}{\376\377\000S\000t\000a\000t\000i\000s\000t\000i\000c\000a\000l\000\040\000s\000i\000g\000n\000i\000f\000i\000c\000a\000n\000c\000e\000\040\000i\000n\000\040\000e\000v\000a\000l\000s}{section.49}% 298
\BOOKMARK [1][-]{section.50}{\376\377\000S\000t\000a\000n\000d\000a\000r\000d\000\040\000B\000e\000n\000c\000h\000m\000a\000r\000k\000s}{part.12}% 299
\BOOKMARK [2][-]{subsection.50.1}{\376\377\000M\000M\000L\000U\000,\000\040\000H\000e\000l\000l\000a\000S\000w\000a\000g\000,\000\040\000A\000R\000C}{section.50}% 300
\BOOKMARK [2][-]{subsection.50.2}{\376\377\000H\000u\000m\000a\000n\000E\000v\000a\000l\000,\000\040\000S\000W\000E\000-\000b\000e\000n\000c\000h}{section.50}% 301
\BOOKMARK [2][-]{subsection.50.3}{\376\377\000M\000T\000-\000B\000e\000n\000c\000h\000\040\000\046\000\040\000C\000h\000a\000t\000b\000o\000t\000\040\000A\000r\000e\000n\000a}{section.50}% 302
\BOOKMARK [2][-]{subsection.50.4}{\376\377\000M\000A\000T\000H\000,\000\040\000G\000S\000M\0008\000K}{section.50}% 303
\BOOKMARK [2][-]{subsection.50.5}{\376\377\000G\000P\000Q\000A\000\040\000\046\000\040\000f\000r\000o\000n\000t\000i\000e\000r\000\040\000b\000e\000n\000c\000h\000m\000a\000r\000k\000s}{section.50}% 304
\BOOKMARK [1][-]{section.51}{\376\377\000E\000v\000a\000l\000s\000\040\000f\000o\000r\000\040\000A\000g\000e\000n\000t\000s\000\040\000\046\000\040\000A\000g\000e\000n\000t\000i\000c\000\040\000T\000a\000s\000k\000s}{part.12}% 305
\BOOKMARK [2][-]{subsection.51.1}{\376\377\000W\000e\000b\000A\000r\000e\000n\000a\000,\000\040\000O\000S\000W\000o\000r\000l\000d}{section.51}% 306
\BOOKMARK [2][-]{subsection.51.2}{\376\377\000A\000g\000e\000n\000t\000O\000p\000s\000\040\000\046\000\040\000o\000b\000s\000e\000r\000v\000a\000b\000i\000l\000i\000t\000y}{section.51}% 307
\BOOKMARK [2][-]{subsection.51.3}{\376\377\000S\000W\000E\000-\000b\000e\000n\000c\000h\000\040\000V\000e\000r\000i\000f\000i\000e\000d}{section.51}% 308
\BOOKMARK [2][-]{subsection.51.4}{\376\377\000T\000o\000o\000l\000-\000u\000s\000e\000\040\000e\000v\000a\000l\000s}{section.51}% 309
\BOOKMARK [2][-]{subsection.51.5}{\376\377\000L\000o\000n\000g\000-\000h\000o\000r\000i\000z\000o\000n\000\040\000t\000a\000s\000k\000\040\000e\000v\000a\000l\000u\000a\000t\000i\000o\000n}{section.51}% 310
\BOOKMARK [2][-]{subsection.51.6}{\376\377\000S\000a\000f\000e\000t\000y\000\040\000e\000v\000a\000l\000s\000\040\000f\000o\000r\000\040\000a\000g\000e\000n\000t\000s}{section.51}% 311
\BOOKMARK [2][-]{subsection.51.7}{\376\377\000A\000g\000e\000n\000t\000\040\000f\000a\000i\000l\000u\000r\000e\000\040\000m\000o\000d\000e\000s}{section.51}% 312
\BOOKMARK [0][-]{part.13}{\376\377\000X\000I\000I\000I\000\040\000F\000r\000o\000n\000t\000i\000e\000r\000s}{}% 313
\BOOKMARK [1][-]{section.52}{\376\377\000N\000e\000u\000r\000o\000s\000y\000m\000b\000o\000l\000i\000c\000\040\000A\000I\000\040\000\046\000\040\000P\000r\000o\000g\000r\000a\000m\000\040\000S\000y\000n\000t\000h\000e\000s\000i\000s}{part.13}% 314
\BOOKMARK [2][-]{subsection.52.1}{\376\377\000N\000e\000u\000r\000a\000l\000-\000s\000y\000m\000b\000o\000l\000i\000c\000\040\000i\000n\000t\000e\000g\000r\000a\000t\000i\000o\000n}{section.52}% 315
\BOOKMARK [2][-]{subsection.52.2}{\376\377\000P\000r\000o\000g\000r\000a\000m\000\040\000i\000n\000d\000u\000c\000t\000i\000o\000n}{section.52}% 316
\BOOKMARK [2][-]{subsection.52.3}{\376\377\000A\000l\000p\000h\000a\000C\000o\000d\000e\000\040\000\046\000\040\000c\000o\000d\000e\000\040\000g\000e\000n\000e\000r\000a\000t\000i\000o\000n}{section.52}% 317
\BOOKMARK [2][-]{subsection.52.4}{\376\377\000F\000o\000r\000m\000a\000l\000\040\000v\000e\000r\000i\000f\000i\000c\000a\000t\000i\000o\000n\000\040\000+\000\040\000L\000L\000M\000s}{section.52}% 318
\BOOKMARK [1][-]{section.53}{\376\377\000R\000e\000s\000e\000a\000r\000c\000h\000\040\000R\000e\000a\000d\000i\000n\000g\000\040\000L\000o\000g\000\040\000\046\000\040\000P\000a\000p\000e\000r\000\040\000N\000o\000t\000e\000s}{part.13}% 319
\BOOKMARK [2][-]{subsection.53.1}{\376\377\000H\000o\000w\000\040\000t\000o\000\040\000u\000s\000e\000\040\000t\000h\000i\000s\000\040\000c\000h\000a\000p\000t\000e\000r}{section.53}% 320
\BOOKMARK [2][-]{subsection.53.2}{\376\377\000P\000a\000p\000e\000r\000\040\000t\000e\000m\000p\000l\000a\000t\000e}{section.53}% 321
\BOOKMARK [2][-]{subsection.53.3}{\376\377\000R\000e\000a\000d\000i\000n\000g\000\040\000l\000i\000s\000t}{section.53}% 322
\BOOKMARK [0][-]{part.14}{\376\377\000X\000I\000V\000\040\000R\000e\000f\000e\000r\000e\000n\000c\000e}{}% 323
\BOOKMARK [1][-]{section.54}{\376\377\000U\000n\000i\000v\000e\000r\000s\000i\000t\000y\000\040\000A\000I\000\040\000M\000o\000d\000u\000l\000e\000s}{part.14}% 324
\BOOKMARK [2][-]{subsection.54.1}{\376\377\000C\000S\0002\0001\0000\0009\000S\000\040\040\024\000\040\000A\000I\000\040\000a\000n\000d\000\040\000M\000a\000c\000h\000i\000n\000e\000\040\000L\000e\000a\000r\000n\000i\000n\000g}{section.54}% 325
\BOOKMARK [2][-]{subsection.54.2}{\376\377\000C\000S\0003\0002\0006\0003\000\040\040\024\000\040\000F\000o\000u\000n\000d\000a\000t\000i\000o\000n\000s\000\040\000o\000f\000\040\000A\000I}{section.54}% 326
\BOOKMARK [2][-]{subsection.54.3}{\376\377\000C\000S\0004\0002\0004\0006\000\040\040\024\000\040\000A\000I\000\040\000P\000l\000a\000n\000n\000i\000n\000g\000\040\000a\000n\000d\000\040\000D\000e\000c\000i\000s\000i\000o\000n\000\040\000M\000a\000k\000i\000n\000g}{section.54}% 327
\BOOKMARK [2][-]{subsection.54.4}{\376\377\000M\000A\0004\0002\0007\0005\000\040\040\024\000\040\000M\000a\000t\000h\000e\000m\000a\000t\000i\000c\000s\000\040\000f\000o\000r\000\040\000R\000e\000i\000n\000f\000o\000r\000c\000e\000m\000e\000n\000t\000\040\000L\000e\000a\000r\000n\000i\000n\000g}{section.54}% 328
\BOOKMARK [1][-]{section.55}{\376\377\000G\000e\000n\000e\000r\000a\000l\000-\000p\000u\000r\000p\000o\000s\000e\000\040\000L\000L\000M\000\040\000+\000\040\000A\000g\000e\000n\000t\000\040\000M\000a\000p}{part.14}% 329
\BOOKMARK [2][-]{subsection.55.1}{\376\377\000H\000o\000w\000\040\000t\000o\000\040\000u\000s\000e\000\040\000t\000h\000i\000s\000\040\000c\000h\000a\000p\000t\000e\000r}{section.55}% 330
\BOOKMARK [2][-]{subsection.55.2}{\376\377\000W\000h\000e\000r\000e\000\040\000e\000a\000c\000h\000\040\000c\000o\000n\000c\000e\000p\000t\000\040\000b\000e\000l\000o\000n\000g\000s\000\040\000i\000n\000\040\000t\000h\000i\000s\000\040\000r\000e\000p\000o}{section.55}% 331
\BOOKMARK [2][-]{subsection.55.3}{\376\377\000D\000i\000s\000t\000i\000l\000l\000a\000t\000i\000o\000n\000\040\000v\000s\000\040\000Q\000u\000a\000n\000t\000i\000z\000a\000t\000i\000o\000n\000\040\000\050\000h\000i\000g\000h\000-\000v\000a\000l\000u\000e\000\040\000d\000i\000s\000t\000i\000n\000c\000t\000i\000o\000n\000\051}{section.55}% 332
\BOOKMARK [2][-]{subsection.55.4}{\376\377\000D\000i\000s\000t\000i\000l\000l\000a\000t\000i\000o\000n\000:\000\040\000p\000r\000a\000c\000t\000i\000c\000a\000l\000\040\000t\000r\000a\000d\000e\000-\000o\000f\000f\000s}{section.55}% 333
\BOOKMARK [2][-]{subsection.55.5}{\376\377\000Q\000u\000a\000n\000t\000i\000z\000a\000t\000i\000o\000n\000:\000\040\000p\000r\000a\000c\000t\000i\000c\000a\000l\000\040\000i\000n\000t\000u\000i\000t\000i\000o\000n\000\040\000+\000\040\000n\000u\000m\000e\000r\000i\000c\000\040\000e\000x\000a\000m\000p\000l\000e}{section.55}% 334
\BOOKMARK [2][-]{subsection.55.6}{\376\377\000M\000i\000n\000i\000m\000a\000l\000\040\000g\000l\000o\000s\000s\000a\000r\000y\000\040\000\050\000h\000i\000g\000h\000e\000s\000t\000-\000y\000i\000e\000l\000d\000\051}{section.55}% 335
\BOOKMARK [2][-]{subsection.55.7}{\376\377\000A\000g\000e\000n\000t\000\040\000t\000y\000p\000e\000s\000\040\000t\000a\000x\000o\000n\000o\000m\000y}{section.55}% 336
\BOOKMARK [2][-]{subsection.55.8}{\376\377\000A\000g\000e\000n\000t\000\040\000a\000r\000c\000h\000i\000t\000e\000c\000t\000u\000r\000e\000\040\000c\000o\000m\000p\000o\000n\000e\000n\000t\000s}{section.55}% 337
\BOOKMARK [2][-]{subsection.55.9}{\376\377\000O\000n\000e\000\040\000m\000e\000n\000t\000a\000l\000\040\000m\000o\000d\000e\000l}{section.55}% 338
